<?xml version="1.0" encoding="UTF-8"?>
<testsuite xmlns:xsi="http://www.w3.org/2001/XMLSchema-instance" xsi:noNamespaceSchemaLocation="https://maven.apache.org/surefire/maven-surefire-plugin/xsd/surefire-test-report-3.0.xsd" version="3.0" name="training.taylor.timetracker.core.TrackerCoreConfigTest" time="0.941" tests="1" errors="0" skipped="0" failures="0">
  <properties>
[...]
</properties>
  <testcase name="testMe" classname="training.taylor.timetracker.core.TrackerCoreConfigTest" time="0.009">
    <system-err><![CDATA[Mar 16, 2023 11:45:02 AM org.springframework.test.context.support.AbstractTestContextBootstrapper getDefaultTestExecutionListenerClassNames
INFO: Loaded default TestExecutionListener class names from location [META-INF/spring.factories]: [org.springframework.test.context.web.ServletTestExecutionListener, org.springframework.test.context.support.DirtiesContextBeforeModesTestExecutionListener, org.springframework.test.context.event.ApplicationEventsTestExecutionListener, org.springframework.test.context.support.DependencyInjectionTestExecutionListener, org.springframework.test.context.support.DirtiesContextTestExecutionListener, org.springframework.test.context.transaction.TransactionalTestExecutionListener, org.springframework.test.context.jdbc.SqlScriptsTestExecutionListener, org.springframework.test.context.event.EventPublishingTestExecutionListener]
Mar 16, 2023 11:45:02 AM org.springframework.test.context.support.AbstractTestContextBootstrapper getTestExecutionListeners
INFO: Using TestExecutionListeners: [org.springframework.test.context.support.DirtiesContextBeforeModesTestExecutionListener@6107227e, org.springframework.test.context.event.ApplicationEventsTestExecutionListener@7c417213, org.springframework.test.context.support.DependencyInjectionTestExecutionListener@15761df8, org.springframework.test.context.support.DirtiesContextTestExecutionListener@6ab7a896, org.springframework.test.context.event.EventPublishingTestExecutionListener@327b636c]
]]></system-err>
  </testcase>
</testsuite>